<?xml version="1.0" encoding="UTF-8"?>
<testng-results ignored="0" total="1" passed="1" failed="0" skipped="0">
  <reporter-output>
  </reporter-output>
  <suite started-at="2024-03-05T14:03:17 IST" name="Default suite" finished-at="2024-03-05T14:03:28 IST" duration-ms="11648">
    <groups>
    </groups>
    <test started-at="2024-03-05T14:03:17 IST" name="Default test" finished-at="2024-03-05T14:03:28 IST" duration-ms="11648">
      <class name="Batch1.AssertFalseM">
        <test-method signature="assertF()[pri:0, instance:Batch1.AssertFalseM@31304f14]" started-at="2024-03-05T14:03:17 IST" name="assertF" finished-at="2024-03-05T14:03:28 IST" duration-ms="11564" status="PASS">
          <reporter-output>
          </reporter-output>
        </test-method> <!-- assertF -->
      </class> <!-- Batch1.AssertFalseM -->
    </test> <!-- Default test -->
  </suite> <!-- Default suite -->
</testng-results>
